-- The C compiler identification is GNU 13.3.0
-- The CXX compiler identification is GNU 13.3.0
-- Detecting C compiler ABI info
-- Detecting C compiler ABI info - done
-- Check for working C compiler: /usr/bin/cc - skipped
-- Detecting C compile features
-- Detecting C compile features - done
-- Detecting CXX compiler ABI info
-- Detecting CXX compiler ABI info - done
-- Check for working CXX compiler: /usr/bin/c++ - skipped
-- Detecting CXX compile features
-- Detecting CXX compile features - done
-- Found ament_cmake: 2.5.6 (/opt/ros/jazzy/share/ament_cmake/cmake)
-- Found Python3: /usr/bin/python3 (found version "3.12.3") found components: Interpreter 
-- Found ament_lint_auto: 0.17.5 (/opt/ros/jazzy/share/ament_lint_auto/cmake)
-- Added test 'flake8' to check Python code syntax and style conventions
-- Configured 'flake8' exclude dirs and/or files: 
-- Added test 'lint_cmake' to check CMake code style
-- Added test 'pep257' to check Python code against some of the docstring style conventions in PEP 257
-- Added test 'xmllint' to check XML markup files
-- Configuring done (0.7s)
-- Generating done (0.0s)
-- Build files have been written to: /home/akmal/Documents/robot_ws/build/robot
-- Install configuration: ""
-- Installing: /home/akmal/Documents/robot_ws/install/robot/share/ament_index/resource_index/package_run_dependencies/robot
-- Installing: /home/akmal/Documents/robot_ws/install/robot/share/ament_index/resource_index/parent_prefix_path/robot
-- Installing: /home/akmal/Documents/robot_ws/install/robot/share/robot/environment/ament_prefix_path.sh
-- Installing: /home/akmal/Documents/robot_ws/install/robot/share/robot/environment/ament_prefix_path.dsv
-- Installing: /home/akmal/Documents/robot_ws/install/robot/share/robot/environment/path.sh
-- Installing: /home/akmal/Documents/robot_ws/install/robot/share/robot/environment/path.dsv
-- Installing: /home/akmal/Documents/robot_ws/install/robot/share/robot/local_setup.bash
-- Installing: /home/akmal/Documents/robot_ws/install/robot/share/robot/local_setup.sh
-- Installing: /home/akmal/Documents/robot_ws/install/robot/share/robot/local_setup.zsh
-- Installing: /home/akmal/Documents/robot_ws/install/robot/share/robot/local_setup.dsv
-- Installing: /home/akmal/Documents/robot_ws/install/robot/share/robot/package.dsv
-- Installing: /home/akmal/Documents/robot_ws/install/robot/share/ament_index/resource_index/packages/robot
-- Installing: /home/akmal/Documents/robot_ws/install/robot/share/robot/cmake/robotConfig.cmake
-- Installing: /home/akmal/Documents/robot_ws/install/robot/share/robot/cmake/robotConfig-version.cmake
-- Installing: /home/akmal/Documents/robot_ws/install/robot/share/robot/package.xml
-- Installing: /home/akmal/Documents/robot_ws/install/robot/share/robot/launch
-- Installing: /home/akmal/Documents/robot_ws/install/robot/share/robot/launch/gazebo.launch
-- Installing: /home/akmal/Documents/robot_ws/install/robot/share/robot/launch/display.launch
-- Installing: /home/akmal/Documents/robot_ws/install/robot/share/robot/launch/robot_launch.py
-- Installing: /home/akmal/Documents/robot_ws/install/robot/share/robot/urdf
-- Installing: /home/akmal/Documents/robot_ws/install/robot/share/robot/urdf/robot.urdf
-- Installing: /home/akmal/Documents/robot_ws/install/robot/share/robot/urdf/robot.csv
-- Installing: /home/akmal/Documents/robot_ws/install/robot/share/robot/urdf/robot_1.urdf
-- Installing: /home/akmal/Documents/robot_ws/install/robot/share/robot/meshes
-- Installing: /home/akmal/Documents/robot_ws/install/robot/share/robot/meshes/Free Wheel.STL
-- Installing: /home/akmal/Documents/robot_ws/install/robot/share/robot/meshes/Right Wheel.STL
-- Installing: /home/akmal/Documents/robot_ws/install/robot/share/robot/meshes/Left Wheel.STL
-- Installing: /home/akmal/Documents/robot_ws/install/robot/share/robot/meshes/base.STL
