[0.008s] Invoking command in '/home/akmal/Documents/robot_ws/build/robot': CMAKE_PREFIX_PATH=${CMAKE_PREFIX_PATH}:/opt/ros/jazzy DEBUGINFOD_URLS=https://debuginfod.ubuntu.com /usr/bin/cmake /home/akmal/Documents/robot_ws/src/robot -DCMAKE_INSTALL_PREFIX=/home/akmal/Documents/robot_ws/install/robot
[0.068s] -- The C compiler identification is GNU 13.3.0
[0.115s] -- The CXX compiler identification is GNU 13.3.0
[0.132s] -- Detecting C compiler ABI info
[0.273s] -- Detecting C compiler ABI info - done
[0.285s] -- Check for working C compiler: /usr/bin/cc - skipped
[0.286s] -- Detecting C compile features
[0.286s] -- Detecting C compile features - done
[0.296s] -- Detecting CXX compiler ABI info
[0.403s] -- Detecting CXX compiler ABI info - done
[0.409s] -- Check for working CXX compiler: /usr/bin/c++ - skipped
[0.410s] -- Detecting CXX compile features
[0.410s] -- Detecting CXX compile features - done
[0.412s] -- Found ament_cmake: 2.5.6 (/opt/ros/jazzy/share/ament_cmake/cmake)
[0.568s] -- Found Python3: /usr/bin/python3 (found version "3.12.3") found components: Interpreter 
[0.656s] -- Found ament_lint_auto: 0.17.5 (/opt/ros/jazzy/share/ament_lint_auto/cmake)
[0.741s] -- Added test 'flake8' to check Python code syntax and style conventions
[0.741s] -- Configured 'flake8' exclude dirs and/or files: 
[0.741s] -- Added test 'lint_cmake' to check CMake code style
[0.742s] -- Added test 'pep257' to check Python code against some of the docstring style conventions in PEP 257
[0.742s] -- Added test 'xmllint' to check XML markup files
[0.744s] -- Configuring done (0.7s)
[0.745s] -- Generating done (0.0s)
[0.746s] -- Build files have been written to: /home/akmal/Documents/robot_ws/build/robot
[0.750s] Invoked command in '/home/akmal/Documents/robot_ws/build/robot' returned '0': CMAKE_PREFIX_PATH=${CMAKE_PREFIX_PATH}:/opt/ros/jazzy DEBUGINFOD_URLS=https://debuginfod.ubuntu.com /usr/bin/cmake /home/akmal/Documents/robot_ws/src/robot -DCMAKE_INSTALL_PREFIX=/home/akmal/Documents/robot_ws/install/robot
[0.752s] Invoking command in '/home/akmal/Documents/robot_ws/build/robot': CMAKE_PREFIX_PATH=${CMAKE_PREFIX_PATH}:/opt/ros/jazzy DEBUGINFOD_URLS=https://debuginfod.ubuntu.com /usr/bin/cmake --build /home/akmal/Documents/robot_ws/build/robot -- -j20 -l20
[0.791s] Invoked command in '/home/akmal/Documents/robot_ws/build/robot' returned '0': CMAKE_PREFIX_PATH=${CMAKE_PREFIX_PATH}:/opt/ros/jazzy DEBUGINFOD_URLS=https://debuginfod.ubuntu.com /usr/bin/cmake --build /home/akmal/Documents/robot_ws/build/robot -- -j20 -l20
[0.800s] Invoking command in '/home/akmal/Documents/robot_ws/build/robot': CMAKE_PREFIX_PATH=${CMAKE_PREFIX_PATH}:/opt/ros/jazzy DEBUGINFOD_URLS=https://debuginfod.ubuntu.com /usr/bin/cmake --install /home/akmal/Documents/robot_ws/build/robot
[0.808s] -- Install configuration: ""
[0.808s] -- Installing: /home/akmal/Documents/robot_ws/install/robot/share/ament_index/resource_index/package_run_dependencies/robot
[0.809s] -- Installing: /home/akmal/Documents/robot_ws/install/robot/share/ament_index/resource_index/parent_prefix_path/robot
[0.809s] -- Installing: /home/akmal/Documents/robot_ws/install/robot/share/robot/environment/ament_prefix_path.sh
[0.809s] -- Installing: /home/akmal/Documents/robot_ws/install/robot/share/robot/environment/ament_prefix_path.dsv
[0.809s] -- Installing: /home/akmal/Documents/robot_ws/install/robot/share/robot/environment/path.sh
[0.809s] -- Installing: /home/akmal/Documents/robot_ws/install/robot/share/robot/environment/path.dsv
[0.809s] -- Installing: /home/akmal/Documents/robot_ws/install/robot/share/robot/local_setup.bash
[0.809s] -- Installing: /home/akmal/Documents/robot_ws/install/robot/share/robot/local_setup.sh
[0.810s] -- Installing: /home/akmal/Documents/robot_ws/install/robot/share/robot/local_setup.zsh
[0.810s] -- Installing: /home/akmal/Documents/robot_ws/install/robot/share/robot/local_setup.dsv
[0.810s] -- Installing: /home/akmal/Documents/robot_ws/install/robot/share/robot/package.dsv
[0.810s] -- Installing: /home/akmal/Documents/robot_ws/install/robot/share/ament_index/resource_index/packages/robot
[0.810s] -- Installing: /home/akmal/Documents/robot_ws/install/robot/share/robot/cmake/robotConfig.cmake
[0.810s] -- Installing: /home/akmal/Documents/robot_ws/install/robot/share/robot/cmake/robotConfig-version.cmake
[0.810s] -- Installing: /home/akmal/Documents/robot_ws/install/robot/share/robot/package.xml
[0.810s] -- Installing: /home/akmal/Documents/robot_ws/install/robot/share/robot/launch
[0.810s] -- Installing: /home/akmal/Documents/robot_ws/install/robot/share/robot/launch/gazebo.launch
[0.811s] -- Installing: /home/akmal/Documents/robot_ws/install/robot/share/robot/launch/display.launch
[0.811s] -- Installing: /home/akmal/Documents/robot_ws/install/robot/share/robot/launch/robot_launch.py
[0.811s] -- Installing: /home/akmal/Documents/robot_ws/install/robot/share/robot/urdf
[0.811s] -- Installing: /home/akmal/Documents/robot_ws/install/robot/share/robot/urdf/robot.urdf
[0.811s] -- Installing: /home/akmal/Documents/robot_ws/install/robot/share/robot/urdf/robot.csv
[0.811s] -- Installing: /home/akmal/Documents/robot_ws/install/robot/share/robot/urdf/robot_1.urdf
[0.811s] -- Installing: /home/akmal/Documents/robot_ws/install/robot/share/robot/meshes
[0.811s] -- Installing: /home/akmal/Documents/robot_ws/install/robot/share/robot/meshes/Free Wheel.STL
[0.811s] -- Installing: /home/akmal/Documents/robot_ws/install/robot/share/robot/meshes/Right Wheel.STL
[0.811s] -- Installing: /home/akmal/Documents/robot_ws/install/robot/share/robot/meshes/Left Wheel.STL
[0.811s] -- Installing: /home/akmal/Documents/robot_ws/install/robot/share/robot/meshes/base.STL
[0.813s] Invoked command in '/home/akmal/Documents/robot_ws/build/robot' returned '0': CMAKE_PREFIX_PATH=${CMAKE_PREFIX_PATH}:/opt/ros/jazzy DEBUGINFOD_URLS=https://debuginfod.ubuntu.com /usr/bin/cmake --install /home/akmal/Documents/robot_ws/build/robot
