[0.009s] Invoking command in '/home/akmal/Documents/robot_ws/build/robot': CMAKE_PREFIX_PATH=${CMAKE_PREFIX_PATH}:/opt/ros/jazzy DEBUGINFOD_URLS=https://debuginfod.ubuntu.com /usr/bin/cmake /home/akmal/Documents/robot_ws/src/robot -DCMAKE_INSTALL_PREFIX=/home/akmal/Documents/robot_ws/install/robot
[0.020s] -- Found ament_cmake: 2.5.6 (/opt/ros/jazzy/share/ament_cmake/cmake)
[0.186s] -- Override CMake install command with custom implementation using symlinks instead of copying resources
[0.191s] -- Found ament_lint_auto: 0.17.5 (/opt/ros/jazzy/share/ament_lint_auto/cmake)
[0.266s] -- Added test 'flake8' to check Python code syntax and style conventions
[0.266s] -- Configured 'flake8' exclude dirs and/or files: 
[0.266s] -- Added test 'lint_cmake' to check CMake code style
[0.266s] -- Added test 'pep257' to check Python code against some of the docstring style conventions in PEP 257
[0.267s] -- Added test 'xmllint' to check XML markup files
[0.268s] -- Configuring done (0.3s)
[0.269s] -- Generating done (0.0s)
[0.270s] -- Build files have been written to: /home/akmal/Documents/robot_ws/build/robot
[0.274s] Invoked command in '/home/akmal/Documents/robot_ws/build/robot' returned '0': CMAKE_PREFIX_PATH=${CMAKE_PREFIX_PATH}:/opt/ros/jazzy DEBUGINFOD_URLS=https://debuginfod.ubuntu.com /usr/bin/cmake /home/akmal/Documents/robot_ws/src/robot -DCMAKE_INSTALL_PREFIX=/home/akmal/Documents/robot_ws/install/robot
[0.274s] Invoking command in '/home/akmal/Documents/robot_ws/build/robot': CMAKE_PREFIX_PATH=${CMAKE_PREFIX_PATH}:/opt/ros/jazzy DEBUGINFOD_URLS=https://debuginfod.ubuntu.com /usr/bin/cmake --build /home/akmal/Documents/robot_ws/build/robot -- -j20 -l20
[0.309s] Invoked command in '/home/akmal/Documents/robot_ws/build/robot' returned '0': CMAKE_PREFIX_PATH=${CMAKE_PREFIX_PATH}:/opt/ros/jazzy DEBUGINFOD_URLS=https://debuginfod.ubuntu.com /usr/bin/cmake --build /home/akmal/Documents/robot_ws/build/robot -- -j20 -l20
[0.320s] Invoking command in '/home/akmal/Documents/robot_ws/build/robot': CMAKE_PREFIX_PATH=${CMAKE_PREFIX_PATH}:/opt/ros/jazzy DEBUGINFOD_URLS=https://debuginfod.ubuntu.com /usr/bin/cmake --install /home/akmal/Documents/robot_ws/build/robot
[0.330s] -- Install configuration: ""
[0.330s] -- Execute custom install script
[0.330s] -- Up-to-date symlink: /home/akmal/Documents/robot_ws/install/robot/share/ament_index/resource_index/package_run_dependencies/robot
[0.331s] -- Up-to-date symlink: /home/akmal/Documents/robot_ws/install/robot/share/ament_index/resource_index/parent_prefix_path/robot
[0.331s] -- Up-to-date symlink: /home/akmal/Documents/robot_ws/install/robot/share/robot/environment/ament_prefix_path.sh
[0.331s] -- Up-to-date symlink: /home/akmal/Documents/robot_ws/install/robot/share/robot/environment/ament_prefix_path.dsv
[0.331s] -- Up-to-date symlink: /home/akmal/Documents/robot_ws/install/robot/share/robot/environment/path.sh
[0.331s] -- Up-to-date symlink: /home/akmal/Documents/robot_ws/install/robot/share/robot/environment/path.dsv
[0.331s] -- Up-to-date symlink: /home/akmal/Documents/robot_ws/install/robot/share/robot/local_setup.bash
[0.331s] -- Up-to-date symlink: /home/akmal/Documents/robot_ws/install/robot/share/robot/local_setup.sh
[0.331s] -- Up-to-date symlink: /home/akmal/Documents/robot_ws/install/robot/share/robot/local_setup.zsh
[0.331s] -- Up-to-date symlink: /home/akmal/Documents/robot_ws/install/robot/share/robot/local_setup.dsv
[0.331s] -- Symlinking: /home/akmal/Documents/robot_ws/install/robot/share/robot/package.dsv
[0.341s] -- Up-to-date symlink: /home/akmal/Documents/robot_ws/install/robot/share/ament_index/resource_index/packages/robot
[0.341s] -- Up-to-date symlink: /home/akmal/Documents/robot_ws/install/robot/share/robot/cmake/robotConfig.cmake
[0.341s] -- Up-to-date symlink: /home/akmal/Documents/robot_ws/install/robot/share/robot/cmake/robotConfig-version.cmake
[0.341s] -- Up-to-date symlink: /home/akmal/Documents/robot_ws/install/robot/share/robot/package.xml
[0.341s] -- Up-to-date symlink: /home/akmal/Documents/robot_ws/install/robot/share/robot/launch/display.launch
[0.342s] -- Up-to-date symlink: /home/akmal/Documents/robot_ws/install/robot/share/robot/launch/gazebo.launch
[0.342s] -- Up-to-date symlink: /home/akmal/Documents/robot_ws/install/robot/share/robot/launch/robot_launch.py
[0.342s] -- Up-to-date symlink: /home/akmal/Documents/robot_ws/install/robot/share/robot/urdf/robot.csv
[0.342s] -- Up-to-date symlink: /home/akmal/Documents/robot_ws/install/robot/share/robot/urdf/robot.urdf
[0.342s] -- Up-to-date symlink: /home/akmal/Documents/robot_ws/install/robot/share/robot/urdf/robot_1.urdf
[0.342s] -- Up-to-date symlink: /home/akmal/Documents/robot_ws/install/robot/share/robot/meshes/base.STL
[0.342s] -- Up-to-date symlink: /home/akmal/Documents/robot_ws/install/robot/share/robot/meshes/free_wheel.STL
[0.342s] -- Up-to-date symlink: /home/akmal/Documents/robot_ws/install/robot/share/robot/meshes/left_wheel.STL
[0.342s] -- Up-to-date symlink: /home/akmal/Documents/robot_ws/install/robot/share/robot/meshes/right_wheel.STL
[0.343s] -- Up-to-date symlink: /home/akmal/Documents/robot_ws/install/robot/share/robot/config/gz_bridge.yaml
[0.345s] Invoked command in '/home/akmal/Documents/robot_ws/build/robot' returned '0': CMAKE_PREFIX_PATH=${CMAKE_PREFIX_PATH}:/opt/ros/jazzy DEBUGINFOD_URLS=https://debuginfod.ubuntu.com /usr/bin/cmake --install /home/akmal/Documents/robot_ws/build/robot
