-- Install configuration: ""
-- Up-to-date: /home/akmal/Documents/robot_ws/install/robot/share/ament_index/resource_index/package_run_dependencies/robot
-- Up-to-date: /home/akmal/Documents/robot_ws/install/robot/share/ament_index/resource_index/parent_prefix_path/robot
-- Up-to-date: /home/akmal/Documents/robot_ws/install/robot/share/robot/environment/ament_prefix_path.sh
-- Up-to-date: /home/akmal/Documents/robot_ws/install/robot/share/robot/environment/ament_prefix_path.dsv
-- Up-to-date: /home/akmal/Documents/robot_ws/install/robot/share/robot/environment/path.sh
-- Up-to-date: /home/akmal/Documents/robot_ws/install/robot/share/robot/environment/path.dsv
-- Up-to-date: /home/akmal/Documents/robot_ws/install/robot/share/robot/local_setup.bash
-- Up-to-date: /home/akmal/Documents/robot_ws/install/robot/share/robot/local_setup.sh
-- Up-to-date: /home/akmal/Documents/robot_ws/install/robot/share/robot/local_setup.zsh
-- Up-to-date: /home/akmal/Documents/robot_ws/install/robot/share/robot/local_setup.dsv
-- Up-to-date: /home/akmal/Documents/robot_ws/install/robot/share/robot/package.dsv
-- Up-to-date: /home/akmal/Documents/robot_ws/install/robot/share/ament_index/resource_index/packages/robot
-- Up-to-date: /home/akmal/Documents/robot_ws/install/robot/share/robot/cmake/robotConfig.cmake
-- Up-to-date: /home/akmal/Documents/robot_ws/install/robot/share/robot/cmake/robotConfig-version.cmake
-- Up-to-date: /home/akmal/Documents/robot_ws/install/robot/share/robot/package.xml
-- Up-to-date: /home/akmal/Documents/robot_ws/install/robot/share/robot/launch
-- Installing: /home/akmal/Documents/robot_ws/install/robot/share/robot/launch/robot_launch1.py
-- Up-to-date: /home/akmal/Documents/robot_ws/install/robot/share/robot/launch/gazebo.launch
-- Up-to-date: /home/akmal/Documents/robot_ws/install/robot/share/robot/launch/display.launch
-- Installing: /home/akmal/Documents/robot_ws/install/robot/share/robot/launch/robot_launch.py
-- Up-to-date: /home/akmal/Documents/robot_ws/install/robot/share/robot/urdf
-- Up-to-date: /home/akmal/Documents/robot_ws/install/robot/share/robot/urdf/robot.urdf
-- Up-to-date: /home/akmal/Documents/robot_ws/install/robot/share/robot/urdf/robot.csv
-- Up-to-date: /home/akmal/Documents/robot_ws/install/robot/share/robot/urdf/robot_1.urdf
-- Up-to-date: /home/akmal/Documents/robot_ws/install/robot/share/robot/meshes
-- Up-to-date: /home/akmal/Documents/robot_ws/install/robot/share/robot/meshes/Free Wheel.STL
-- Up-to-date: /home/akmal/Documents/robot_ws/install/robot/share/robot/meshes/Right Wheel.STL
-- Up-to-date: /home/akmal/Documents/robot_ws/install/robot/share/robot/meshes/Left Wheel.STL
-- Up-to-date: /home/akmal/Documents/robot_ws/install/robot/share/robot/meshes/base.STL
