-- Found ament_cmake: 2.5.6 (/opt/ros/jazzy/share/ament_cmake/cmake)
-- Found ament_lint_auto: 0.17.5 (/opt/ros/jazzy/share/ament_lint_auto/cmake)
-- Added test 'flake8' to check Python code syntax and style conventions
-- Configured 'flake8' exclude dirs and/or files: 
-- Added test 'lint_cmake' to check CMake code style
-- Added test 'pep257' to check Python code against some of the docstring style conventions in PEP 257
-- Added test 'xmllint' to check XML markup files
-- Configuring done (0.3s)
-- Generating done (0.0s)
-- Build files have been written to: /home/akmal/Documents/robot_ws/build/robot
-- Install configuration: ""
-- Up-to-date: /home/akmal/Documents/robot_ws/install/robot/share/ament_index/resource_index/package_run_dependencies/robot
-- Up-to-date: /home/akmal/Documents/robot_ws/install/robot/share/ament_index/resource_index/parent_prefix_path/robot
-- Up-to-date: /home/akmal/Documents/robot_ws/install/robot/share/robot/environment/ament_prefix_path.sh
-- Up-to-date: /home/akmal/Documents/robot_ws/install/robot/share/robot/environment/ament_prefix_path.dsv
-- Up-to-date: /home/akmal/Documents/robot_ws/install/robot/share/robot/environment/path.sh
-- Up-to-date: /home/akmal/Documents/robot_ws/install/robot/share/robot/environment/path.dsv
-- Up-to-date: /home/akmal/Documents/robot_ws/install/robot/share/robot/local_setup.bash
-- Up-to-date: /home/akmal/Documents/robot_ws/install/robot/share/robot/local_setup.sh
-- Up-to-date: /home/akmal/Documents/robot_ws/install/robot/share/robot/local_setup.zsh
-- Up-to-date: /home/akmal/Documents/robot_ws/install/robot/share/robot/local_setup.dsv
-- Installing: /home/akmal/Documents/robot_ws/install/robot/share/robot/package.dsv
-- Up-to-date: /home/akmal/Documents/robot_ws/install/robot/share/ament_index/resource_index/packages/robot
-- Up-to-date: /home/akmal/Documents/robot_ws/install/robot/share/robot/cmake/robotConfig.cmake
-- Up-to-date: /home/akmal/Documents/robot_ws/install/robot/share/robot/cmake/robotConfig-version.cmake
-- Up-to-date: /home/akmal/Documents/robot_ws/install/robot/share/robot/package.xml
-- Up-to-date: /home/akmal/Documents/robot_ws/install/robot/share/robot/launch
-- Up-to-date: /home/akmal/Documents/robot_ws/install/robot/share/robot/launch/robot_launch1.py
-- Up-to-date: /home/akmal/Documents/robot_ws/install/robot/share/robot/launch/gazebo.launch
-- Up-to-date: /home/akmal/Documents/robot_ws/install/robot/share/robot/launch/display.launch
-- Installing: /home/akmal/Documents/robot_ws/install/robot/share/robot/launch/robot_launch.py
-- Up-to-date: /home/akmal/Documents/robot_ws/install/robot/share/robot/urdf
-- Up-to-date: /home/akmal/Documents/robot_ws/install/robot/share/robot/urdf/robot.urdf
-- Up-to-date: /home/akmal/Documents/robot_ws/install/robot/share/robot/urdf/robot.csv
-- Up-to-date: /home/akmal/Documents/robot_ws/install/robot/share/robot/urdf/robot_1.urdf
-- Up-to-date: /home/akmal/Documents/robot_ws/install/robot/share/robot/meshes
-- Up-to-date: /home/akmal/Documents/robot_ws/install/robot/share/robot/meshes/Free Wheel.STL
-- Up-to-date: /home/akmal/Documents/robot_ws/install/robot/share/robot/meshes/Right Wheel.STL
-- Up-to-date: /home/akmal/Documents/robot_ws/install/robot/share/robot/meshes/Left Wheel.STL
-- Up-to-date: /home/akmal/Documents/robot_ws/install/robot/share/robot/meshes/base.STL
