[0.008s] Invoking command in '/home/akmal/Documents/robot_ws/build/robot': CMAKE_PREFIX_PATH=${CMAKE_PREFIX_PATH}:/opt/ros/jazzy DEBUGINFOD_URLS=https://debuginfod.ubuntu.com /usr/bin/cmake --build /home/akmal/Documents/robot_ws/build/robot -- -j20 -l20
[0.051s] Invoked command in '/home/akmal/Documents/robot_ws/build/robot' returned '0': CMAKE_PREFIX_PATH=${CMAKE_PREFIX_PATH}:/opt/ros/jazzy DEBUGINFOD_URLS=https://debuginfod.ubuntu.com /usr/bin/cmake --build /home/akmal/Documents/robot_ws/build/robot -- -j20 -l20
[0.063s] Invoking command in '/home/akmal/Documents/robot_ws/build/robot': CMAKE_PREFIX_PATH=${CMAKE_PREFIX_PATH}:/opt/ros/jazzy DEBUGINFOD_URLS=https://debuginfod.ubuntu.com /usr/bin/cmake --install /home/akmal/Documents/robot_ws/build/robot
[0.072s] -- Install configuration: ""
[0.072s] -- Up-to-date: /home/akmal/Documents/robot_ws/install/robot/share/ament_index/resource_index/package_run_dependencies/robot
[0.073s] -- Up-to-date: /home/akmal/Documents/robot_ws/install/robot/share/ament_index/resource_index/parent_prefix_path/robot
[0.073s] -- Up-to-date: /home/akmal/Documents/robot_ws/install/robot/share/robot/environment/ament_prefix_path.sh
[0.073s] -- Up-to-date: /home/akmal/Documents/robot_ws/install/robot/share/robot/environment/ament_prefix_path.dsv
[0.073s] -- Up-to-date: /home/akmal/Documents/robot_ws/install/robot/share/robot/environment/path.sh
[0.073s] -- Up-to-date: /home/akmal/Documents/robot_ws/install/robot/share/robot/environment/path.dsv
[0.073s] -- Up-to-date: /home/akmal/Documents/robot_ws/install/robot/share/robot/local_setup.bash
[0.073s] -- Up-to-date: /home/akmal/Documents/robot_ws/install/robot/share/robot/local_setup.sh
[0.074s] -- Up-to-date: /home/akmal/Documents/robot_ws/install/robot/share/robot/local_setup.zsh
[0.074s] -- Up-to-date: /home/akmal/Documents/robot_ws/install/robot/share/robot/local_setup.dsv
[0.074s] -- Installing: /home/akmal/Documents/robot_ws/install/robot/share/robot/package.dsv
[0.074s] -- Up-to-date: /home/akmal/Documents/robot_ws/install/robot/share/ament_index/resource_index/packages/robot
[0.074s] -- Up-to-date: /home/akmal/Documents/robot_ws/install/robot/share/robot/cmake/robotConfig.cmake
[0.074s] -- Up-to-date: /home/akmal/Documents/robot_ws/install/robot/share/robot/cmake/robotConfig-version.cmake
[0.075s] -- Up-to-date: /home/akmal/Documents/robot_ws/install/robot/share/robot/package.xml
[0.075s] -- Up-to-date: /home/akmal/Documents/robot_ws/install/robot/share/robot/launch
[0.075s] -- Up-to-date: /home/akmal/Documents/robot_ws/install/robot/share/robot/launch/robot_launch1.py
[0.075s] -- Up-to-date: /home/akmal/Documents/robot_ws/install/robot/share/robot/launch/gazebo.launch
[0.075s] -- Up-to-date: /home/akmal/Documents/robot_ws/install/robot/share/robot/launch/display.launch
[0.075s] -- Up-to-date: /home/akmal/Documents/robot_ws/install/robot/share/robot/launch/robot_launch.py
[0.075s] -- Up-to-date: /home/akmal/Documents/robot_ws/install/robot/share/robot/urdf
[0.076s] -- Installing: /home/akmal/Documents/robot_ws/install/robot/share/robot/urdf/robot.urdf
[0.076s] -- Up-to-date: /home/akmal/Documents/robot_ws/install/robot/share/robot/urdf/robot.csv
[0.076s] -- Up-to-date: /home/akmal/Documents/robot_ws/install/robot/share/robot/urdf/robot_1.urdf
[0.076s] -- Up-to-date: /home/akmal/Documents/robot_ws/install/robot/share/robot/meshes
[0.076s] -- Up-to-date: /home/akmal/Documents/robot_ws/install/robot/share/robot/meshes/Free Wheel.STL
[0.076s] -- Up-to-date: /home/akmal/Documents/robot_ws/install/robot/share/robot/meshes/Right Wheel.STL
[0.076s] -- Up-to-date: /home/akmal/Documents/robot_ws/install/robot/share/robot/meshes/Left Wheel.STL
[0.076s] -- Up-to-date: /home/akmal/Documents/robot_ws/install/robot/share/robot/meshes/base.STL
[0.077s] Invoked command in '/home/akmal/Documents/robot_ws/build/robot' returned '0': CMAKE_PREFIX_PATH=${CMAKE_PREFIX_PATH}:/opt/ros/jazzy DEBUGINFOD_URLS=https://debuginfod.ubuntu.com /usr/bin/cmake --install /home/akmal/Documents/robot_ws/build/robot
